<?xml version="1.0" encoding="UTF-8"?>
<testng-results skipped="0" failed="1" ignored="0" total="1" passed="0">
  <reporter-output>
    <line>
      <![CDATA[Title is not matching...]]>
    </line>
    <line>
      <![CDATA[Actual Title is :actiTIME - Login]]>
    </line>
    <line>
      <![CDATA[Expected Title is : ]]>
    </line>
  </reporter-output>
  <suite name="Default suite" duration-ms="28894" started-at="2019-10-31T04:07:00 IST" finished-at="2019-10-31T04:07:29 IST">
    <groups>
    </groups>
    <test name="Default test" duration-ms="28894" started-at="2019-10-31T04:07:00 IST" finished-at="2019-10-31T04:07:29 IST">
      <class name="com.actiTime.tests.ValidLoginLogoutTest">
        <test-method status="PASS" signature="precondition()[pri:0, instance:com.actiTime.tests.ValidLoginLogoutTest@1efed156]" name="precondition" is-config="true" duration-ms="17144" started-at="2019-10-31T04:07:00 IST" finished-at="2019-10-31T04:07:17 IST">
          <reporter-output>
          </reporter-output>
        </test-method> <!-- precondition -->
        <test-method status="FAIL" signature="testValidLoginLogout()[pri:1, instance:com.actiTime.tests.ValidLoginLogoutTest@1efed156]" name="testValidLoginLogout" duration-ms="10221" started-at="2019-10-31T04:07:17 IST" finished-at="2019-10-31T04:07:27 IST">
          <exception class="java.lang.AssertionError">
            <message>
              <![CDATA[null]]>
            </message>
            <full-stacktrace>
              <![CDATA[java.lang.AssertionError: null
at org.testng.Assert.fail(Assert.java:97)
at org.testng.Assert.fail(Assert.java:102)
at com.actiTime.generic.BasePage.verifyTitle(BasePage.java:37)
at com.actiTime.pages.ActiTIMELoginPage.verifyPageTitle(ActiTIMELoginPage.java:48)
at com.actiTime.tests.ValidLoginLogoutTest.testValidLoginLogout(ValidLoginLogoutTest.java:36)
at sun.reflect.NativeMethodAccessorImpl.invoke0(Native Method)
at sun.reflect.NativeMethodAccessorImpl.invoke(Unknown Source)
at sun.reflect.DelegatingMethodAccessorImpl.invoke(Unknown Source)
at java.lang.reflect.Method.invoke(Unknown Source)
at org.testng.internal.MethodInvocationHelper.invokeMethod(MethodInvocationHelper.java:133)
at org.testng.internal.TestInvoker.invokeMethod(TestInvoker.java:584)
at org.testng.internal.TestInvoker.invokeTestMethod(TestInvoker.java:172)
at org.testng.internal.MethodRunner.runInSequence(MethodRunner.java:46)
at org.testng.internal.TestInvoker$MethodInvocationAgent.invoke(TestInvoker.java:804)
at org.testng.internal.TestInvoker.invokeTestMethods(TestInvoker.java:145)
at org.testng.internal.TestMethodWorker.invokeTestMethods(TestMethodWorker.java:146)
at org.testng.internal.TestMethodWorker.run(TestMethodWorker.java:128)
at java.util.ArrayList.forEach(Unknown Source)
at org.testng.TestRunner.privateRun(TestRunner.java:770)
at org.testng.TestRunner.run(TestRunner.java:591)
at org.testng.SuiteRunner.runTest(SuiteRunner.java:402)
at org.testng.SuiteRunner.runSequentially(SuiteRunner.java:396)
at org.testng.SuiteRunner.privateRun(SuiteRunner.java:355)
at org.testng.SuiteRunner.run(SuiteRunner.java:304)
at org.testng.SuiteRunnerWorker.runSuite(SuiteRunnerWorker.java:53)
at org.testng.SuiteRunnerWorker.run(SuiteRunnerWorker.java:96)
at org.testng.TestNG.runSuitesSequentially(TestNG.java:1180)
at org.testng.TestNG.runSuitesLocally(TestNG.java:1102)
at org.testng.TestNG.runSuites(TestNG.java:1032)
at org.testng.TestNG.run(TestNG.java:1000)
at org.testng.remote.AbstractRemoteTestNG.run(AbstractRemoteTestNG.java:115)
at org.testng.remote.RemoteTestNG.initAndRun(RemoteTestNG.java:251)
at org.testng.remote.RemoteTestNG.main(RemoteTestNG.java:77)
]]>
            </full-stacktrace>
          </exception> <!-- java.lang.AssertionError -->
          <reporter-output>
            <line>
              <![CDATA[Title is not matching...]]>
            </line>
            <line>
              <![CDATA[Actual Title is :actiTIME - Login]]>
            </line>
            <line>
              <![CDATA[Expected Title is : ]]>
            </line>
          </reporter-output>
        </test-method> <!-- testValidLoginLogout -->
        <test-method status="PASS" signature="postcondition(org.testng.ITestResult)[pri:0, instance:com.actiTime.tests.ValidLoginLogoutTest@1efed156]" name="postcondition" is-config="true" duration-ms="1487" started-at="2019-10-31T04:07:27 IST" finished-at="2019-10-31T04:07:29 IST">
          <params>
            <param index="0">
              <value>
                <![CDATA[[TestResult name=testValidLoginLogout status=FAILURE method=ValidLoginLogoutTest.testValidLoginLogout()[pri:1, instance:com.actiTime.tests.ValidLoginLogoutTest@1efed156] output=Title is not matching...]]]>
              </value>
            </param>
          </params>
          <reporter-output>
          </reporter-output>
        </test-method> <!-- postcondition -->
      </class> <!-- com.actiTime.tests.ValidLoginLogoutTest -->
    </test> <!-- Default test -->
  </suite> <!-- Default suite -->
</testng-results>
